<?xml version="1.0" encoding="UTF-8" ?>
<testsuite tests="3" failures="2" name="edu.xwei12.chess.GameTest" time="0.148" errors="0" skipped="0">
  <properties>
[...]
</properties>
  <testcase classname="edu.xwei12.chess.GameTest" name="testStepWithMove" time="0.088"/>
  <testcase classname="edu.xwei12.chess.GameTest" name="testAttack" time="0.032">
    <failure type="junit.framework.AssertionFailedError">junit.framework.AssertionFailedError
	at junit.framework.Assert.fail(Assert.java:48)
	at junit.framework.Assert.assertTrue(Assert.java:20)
	at junit.framework.Assert.assertTrue(Assert.java:27)
	at edu.xwei12.chess.GameTest.testAttack(GameTest.java:61)
	at sun.reflect.NativeMethodAccessorImpl.invoke0(Native Method)
	at sun.reflect.NativeMethodAccessorImpl.invoke(NativeMethodAccessorImpl.java:62)
	at sun.reflect.DelegatingMethodAccessorImpl.invoke(DelegatingMethodAccessorImpl.java:43)
	at java.lang.reflect.Method.invoke(Method.java:498)
	at junit.framework.TestCase.runTest(TestCase.java:168)
	at junit.framework.TestCase.runBare(TestCase.java:134)
	at junit.framework.TestResult$1.protect(TestResult.java:110)
	at junit.framework.TestResult.runProtected(TestResult.java:128)
	at junit.framework.TestResult.run(TestResult.java:113)
	at junit.framework.TestCase.run(TestCase.java:124)
	at junit.framework.TestSuite.runTest(TestSuite.java:243)
	at junit.framework.TestSuite.run(TestSuite.java:238)
	at org.junit.internal.runners.JUnit38ClassRunner.run(JUnit38ClassRunner.java:83)
	at org.apache.maven.surefire.junit4.JUnit4Provider.execute(JUnit4Provider.java:252)
	at org.apache.maven.surefire.junit4.JUnit4Provider.executeTestSet(JUnit4Provider.java:141)
	at org.apache.maven.surefire.junit4.JUnit4Provider.invoke(JUnit4Provider.java:112)
	at sun.reflect.NativeMethodAccessorImpl.invoke0(Native Method)
	at sun.reflect.NativeMethodAccessorImpl.invoke(NativeMethodAccessorImpl.java:62)
	at sun.reflect.DelegatingMethodAccessorImpl.invoke(DelegatingMethodAccessorImpl.java:43)
	at java.lang.reflect.Method.invoke(Method.java:498)
	at org.apache.maven.surefire.util.ReflectionUtils.invokeMethodWithArray(ReflectionUtils.java:189)
	at org.apache.maven.surefire.booter.ProviderFactory$ProviderProxy.invoke(ProviderFactory.java:165)
	at org.apache.maven.surefire.booter.ProviderFactory.invokeProvider(ProviderFactory.java:85)
	at org.apache.maven.surefire.booter.ForkedBooter.runSuitesInProcess(ForkedBooter.java:115)
	at org.apache.maven.surefire.booter.ForkedBooter.main(ForkedBooter.java:75)
</failure>
    <system-out>| Chess board:
|------------------|------------------|------------------|------------------|------------------|------------------|------------------|------------------|
| (7,0)   rook_P2  | (7,1) knight_P2  | (7,2) bishop_P2  | (7,3)  queen_P2  | (7,4)   king_P2  | (7,5) bishop_P2  | (7,6) knight_P2  | (7,7)   rook_P2  |
|------------------|------------------|------------------|------------------|------------------|------------------|------------------|------------------|
| (6,0)   pawn_P2  | (6,1)   pawn_P2  | (6,2)   pawn_P2  | (6,3)   pawn_P2  | (6,4)   pawn_P2  | (6,5)   pawn_P2  | (6,6)   pawn_P2  | (6,7)   pawn_P2  |
|------------------|------------------|------------------|------------------|------------------|------------------|------------------|------------------|
| (5,0)            | (5,1)            | (5,2)            | (5,3)            | (5,4)            | (5,5)            | (5,6)            | (5,7)            |
|------------------|------------------|------------------|------------------|------------------|------------------|------------------|------------------|
| (4,0)            | (4,1)            | (4,2)            | (4,3)            | (4,4)            | (4,5)            | (4,6)            | (4,7)            |
|------------------|------------------|------------------|------------------|------------------|------------------|------------------|------------------|
| (3,0)            | (3,1)            | (3,2)            | (3,3)            | (3,4)            | (3,5)   pawn_P1  | (3,6)            | (3,7)            |
|------------------|------------------|------------------|------------------|------------------|------------------|------------------|------------------|
| (2,0)            | (2,1)            | (2,2)            | (2,3)            | (2,4)            | (2,5)            | (2,6)            | (2,7)            |
|------------------|------------------|------------------|------------------|------------------|------------------|------------------|------------------|
| (1,0)   pawn_P1  | (1,1)   pawn_P1  | (1,2)   pawn_P1  | (1,3)   pawn_P1  | (1,4)   pawn_P1  | (1,5)            | (1,6)   pawn_P1  | (1,7)   pawn_P1  |
|------------------|------------------|------------------|------------------|------------------|------------------|------------------|------------------|
| (0,0)   rook_P1  | (0,1) knight_P1  | (0,2) bishop_P1  | (0,3)  queen_P1  | (0,4)   king_P1  | (0,5) bishop_P1  | (0,6) knight_P1  | (0,7)   rook_P1  |
|------------------|------------------|------------------|------------------|------------------|------------------|------------------|------------------|

| Chess board:
|------------------|------------------|------------------|------------------|------------------|------------------|------------------|------------------|
| (7,0)   rook_P2  | (7,1) knight_P2  | (7,2) bishop_P2  | (7,3)  queen_P2  | (7,4)   king_P2  | (7,5) bishop_P2  | (7,6) knight_P2  | (7,7)   rook_P2  |
|------------------|------------------|------------------|------------------|------------------|------------------|------------------|------------------|
| (6,0)   pawn_P2  | (6,1)   pawn_P2  | (6,2)   pawn_P2  | (6,3)   pawn_P2  | (6,4)   pawn_P2  | (6,5)   pawn_P2  | (6,6)   pawn_P2  | (6,7)   pawn_P2  |
|------------------|------------------|------------------|------------------|------------------|------------------|------------------|------------------|
| (5,0)            | (5,1)            | (5,2)            | (5,3)            | (5,4)            | (5,5)            | (5,6)            | (5,7)            |
|------------------|------------------|------------------|------------------|------------------|------------------|------------------|------------------|
| (4,0)            | (4,1)            | (4,2)            | (4,3)            | (4,4)            | (4,5)   pawn_P1  | (4,6)            | (4,7)            |
|------------------|------------------|------------------|------------------|------------------|------------------|------------------|------------------|
| (3,0)            | (3,1)            | (3,2)            | (3,3)            | (3,4)            | (3,5)            | (3,6)            | (3,7)            |
|------------------|------------------|------------------|------------------|------------------|------------------|------------------|------------------|
| (2,0)            | (2,1)            | (2,2)            | (2,3)            | (2,4)            | (2,5)            | (2,6)            | (2,7)            |
|------------------|------------------|------------------|------------------|------------------|------------------|------------------|------------------|
| (1,0)   pawn_P1  | (1,1)   pawn_P1  | (1,2)   pawn_P1  | (1,3)   pawn_P1  | (1,4)   pawn_P1  | (1,5)            | (1,6)   pawn_P1  | (1,7)   pawn_P1  |
|------------------|------------------|------------------|------------------|------------------|------------------|------------------|------------------|
| (0,0)   rook_P1  | (0,1) knight_P1  | (0,2) bishop_P1  | (0,3)  queen_P1  | (0,4)   king_P1  | (0,5) bishop_P1  | (0,6) knight_P1  | (0,7)   rook_P1  |
|------------------|------------------|------------------|------------------|------------------|------------------|------------------|------------------|

| Chess board:
|------------------|------------------|------------------|------------------|------------------|------------------|------------------|------------------|
| (7,0)   rook_P2  | (7,1) knight_P2  | (7,2) bishop_P2  | (7,3)  queen_P2  | (7,4)   king_P2  | (7,5) bishop_P2  | (7,6) knight_P2  | (7,7)   rook_P2  |
|------------------|------------------|------------------|------------------|------------------|------------------|------------------|------------------|
| (6,0)   pawn_P2  | (6,1)   pawn_P2  | (6,2)   pawn_P2  | (6,3)   pawn_P2  | (6,4)   pawn_P2  | (6,5)   pawn_P2  | (6,6)   pawn_P2  | (6,7)   pawn_P2  |
|------------------|------------------|------------------|------------------|------------------|------------------|------------------|------------------|
| (5,0)            | (5,1)            | (5,2)            | (5,3)            | (5,4)            | (5,5)   pawn_P1  | (5,6)            | (5,7)            |
|------------------|------------------|------------------|------------------|------------------|------------------|------------------|------------------|
| (4,0)            | (4,1)            | (4,2)            | (4,3)            | (4,4)            | (4,5)            | (4,6)            | (4,7)            |
|------------------|------------------|------------------|------------------|------------------|------------------|------------------|------------------|
| (3,0)            | (3,1)            | (3,2)            | (3,3)            | (3,4)            | (3,5)            | (3,6)            | (3,7)            |
|------------------|------------------|------------------|------------------|------------------|------------------|------------------|------------------|
| (2,0)            | (2,1)            | (2,2)            | (2,3)            | (2,4)            | (2,5)            | (2,6)            | (2,7)            |
|------------------|------------------|------------------|------------------|------------------|------------------|------------------|------------------|
| (1,0)   pawn_P1  | (1,1)   pawn_P1  | (1,2)   pawn_P1  | (1,3)   pawn_P1  | (1,4)   pawn_P1  | (1,5)            | (1,6)   pawn_P1  | (1,7)   pawn_P1  |
|------------------|------------------|------------------|------------------|------------------|------------------|------------------|------------------|
| (0,0)   rook_P1  | (0,1) knight_P1  | (0,2) bishop_P1  | (0,3)  queen_P1  | (0,4)   king_P1  | (0,5) bishop_P1  | (0,6) knight_P1  | (0,7)   rook_P1  |
|------------------|------------------|------------------|------------------|------------------|------------------|------------------|------------------|

</system-out>
  </testcase>
  <testcase classname="edu.xwei12.chess.GameTest" name="testCheckmate" time="0.028">
    <failure message="expected:&lt;CHECKMATE&gt; but was:&lt;NORMAL&gt;" type="junit.framework.AssertionFailedError">junit.framework.AssertionFailedError: expected:&lt;CHECKMATE&gt; but was:&lt;NORMAL&gt;
	at junit.framework.Assert.fail(Assert.java:50)
	at junit.framework.Assert.failNotEquals(Assert.java:287)
	at junit.framework.Assert.assertEquals(Assert.java:67)
	at junit.framework.Assert.assertEquals(Assert.java:74)
	at edu.xwei12.chess.GameTest.testCheckmate(GameTest.java:75)
	at sun.reflect.NativeMethodAccessorImpl.invoke0(Native Method)
	at sun.reflect.NativeMethodAccessorImpl.invoke(NativeMethodAccessorImpl.java:62)
	at sun.reflect.DelegatingMethodAccessorImpl.invoke(DelegatingMethodAccessorImpl.java:43)
	at java.lang.reflect.Method.invoke(Method.java:498)
	at junit.framework.TestCase.runTest(TestCase.java:168)
	at junit.framework.TestCase.runBare(TestCase.java:134)
	at junit.framework.TestResult$1.protect(TestResult.java:110)
	at junit.framework.TestResult.runProtected(TestResult.java:128)
	at junit.framework.TestResult.run(TestResult.java:113)
	at junit.framework.TestCase.run(TestCase.java:124)
	at junit.framework.TestSuite.runTest(TestSuite.java:243)
	at junit.framework.TestSuite.run(TestSuite.java:238)
	at org.junit.internal.runners.JUnit38ClassRunner.run(JUnit38ClassRunner.java:83)
	at org.apache.maven.surefire.junit4.JUnit4Provider.execute(JUnit4Provider.java:252)
	at org.apache.maven.surefire.junit4.JUnit4Provider.executeTestSet(JUnit4Provider.java:141)
	at org.apache.maven.surefire.junit4.JUnit4Provider.invoke(JUnit4Provider.java:112)
	at sun.reflect.NativeMethodAccessorImpl.invoke0(Native Method)
	at sun.reflect.NativeMethodAccessorImpl.invoke(NativeMethodAccessorImpl.java:62)
	at sun.reflect.DelegatingMethodAccessorImpl.invoke(DelegatingMethodAccessorImpl.java:43)
	at java.lang.reflect.Method.invoke(Method.java:498)
	at org.apache.maven.surefire.util.ReflectionUtils.invokeMethodWithArray(ReflectionUtils.java:189)
	at org.apache.maven.surefire.booter.ProviderFactory$ProviderProxy.invoke(ProviderFactory.java:165)
	at org.apache.maven.surefire.booter.ProviderFactory.invokeProvider(ProviderFactory.java:85)
	at org.apache.maven.surefire.booter.ForkedBooter.runSuitesInProcess(ForkedBooter.java:115)
	at org.apache.maven.surefire.booter.ForkedBooter.main(ForkedBooter.java:75)
</failure>
    <system-out>| Chess board:
|------------------|------------------|------------------|------------------|------------------|------------------|------------------|------------------|
| (7,0)   rook_P2  | (7,1) knight_P2  | (7,2) bishop_P2  | (7,3)  queen_P2  | (7,4)   king_P2  | (7,5) bishop_P2  | (7,6) knight_P2  | (7,7)   rook_P2  |
|------------------|------------------|------------------|------------------|------------------|------------------|------------------|------------------|
| (6,0)   pawn_P2  | (6,1)   pawn_P2  | (6,2)   pawn_P2  | (6,3)   pawn_P2  | (6,4)   pawn_P2  | (6,5)   pawn_P2  | (6,6)   pawn_P2  | (6,7)   pawn_P2  |
|------------------|------------------|------------------|------------------|------------------|------------------|------------------|------------------|
| (5,0)            | (5,1)            | (5,2)            | (5,3)            | (5,4)            | (5,5)            | (5,6)            | (5,7)            |
|------------------|------------------|------------------|------------------|------------------|------------------|------------------|------------------|
| (4,0)            | (4,1)            | (4,2)            | (4,3)            | (4,4)            | (4,5)            | (4,6)            | (4,7)            |
|------------------|------------------|------------------|------------------|------------------|------------------|------------------|------------------|
| (3,0)            | (3,1)            | (3,2)            | (3,3)            | (3,4)   pawn_P1  | (3,5)            | (3,6)            | (3,7)            |
|------------------|------------------|------------------|------------------|------------------|------------------|------------------|------------------|
| (2,0)            | (2,1)            | (2,2)            | (2,3)            | (2,4)            | (2,5)            | (2,6)            | (2,7)            |
|------------------|------------------|------------------|------------------|------------------|------------------|------------------|------------------|
| (1,0)   pawn_P1  | (1,1)   pawn_P1  | (1,2)   pawn_P1  | (1,3)   pawn_P1  | (1,4)            | (1,5)   pawn_P1  | (1,6)   pawn_P1  | (1,7)   pawn_P1  |
|------------------|------------------|------------------|------------------|------------------|------------------|------------------|------------------|
| (0,0)   rook_P1  | (0,1) knight_P1  | (0,2) bishop_P1  | (0,3)  queen_P1  | (0,4)   king_P1  | (0,5) bishop_P1  | (0,6) knight_P1  | (0,7)   rook_P1  |
|------------------|------------------|------------------|------------------|------------------|------------------|------------------|------------------|

| Chess board:
|------------------|------------------|------------------|------------------|------------------|------------------|------------------|------------------|
| (7,0)   rook_P2  | (7,1) knight_P2  | (7,2) bishop_P2  | (7,3)  queen_P2  | (7,4)   king_P2  | (7,5) bishop_P2  | (7,6) knight_P2  | (7,7)   rook_P2  |
|------------------|------------------|------------------|------------------|------------------|------------------|------------------|------------------|
| (6,0)   pawn_P2  | (6,1)   pawn_P2  | (6,2)   pawn_P2  | (6,3)   pawn_P2  | (6,4)   pawn_P2  | (6,5)   pawn_P2  | (6,6)   pawn_P2  | (6,7)   pawn_P2  |
|------------------|------------------|------------------|------------------|------------------|------------------|------------------|------------------|
| (5,0)            | (5,1)            | (5,2)            | (5,3)            | (5,4)            | (5,5)            | (5,6)            | (5,7)            |
|------------------|------------------|------------------|------------------|------------------|------------------|------------------|------------------|
| (4,0)            | (4,1)            | (4,2)            | (4,3)            | (4,4)   pawn_P1  | (4,5)            | (4,6)            | (4,7)            |
|------------------|------------------|------------------|------------------|------------------|------------------|------------------|------------------|
| (3,0)            | (3,1)            | (3,2)            | (3,3)            | (3,4)            | (3,5)            | (3,6)            | (3,7)            |
|------------------|------------------|------------------|------------------|------------------|------------------|------------------|------------------|
| (2,0)            | (2,1)            | (2,2)            | (2,3)            | (2,4)            | (2,5)            | (2,6)            | (2,7)            |
|------------------|------------------|------------------|------------------|------------------|------------------|------------------|------------------|
| (1,0)   pawn_P1  | (1,1)   pawn_P1  | (1,2)   pawn_P1  | (1,3)   pawn_P1  | (1,4)            | (1,5)   pawn_P1  | (1,6)   pawn_P1  | (1,7)   pawn_P1  |
|------------------|------------------|------------------|------------------|------------------|------------------|------------------|------------------|
| (0,0)   rook_P1  | (0,1) knight_P1  | (0,2) bishop_P1  | (0,3)  queen_P1  | (0,4)   king_P1  | (0,5) bishop_P1  | (0,6) knight_P1  | (0,7)   rook_P1  |
|------------------|------------------|------------------|------------------|------------------|------------------|------------------|------------------|

| Chess board:
|------------------|------------------|------------------|------------------|------------------|------------------|------------------|------------------|
| (7,0)   rook_P2  | (7,1) knight_P2  | (7,2) bishop_P2  | (7,3)  queen_P2  | (7,4)   king_P2  | (7,5) bishop_P2  | (7,6) knight_P2  | (7,7)   rook_P2  |
|------------------|------------------|------------------|------------------|------------------|------------------|------------------|------------------|
| (6,0)   pawn_P2  | (6,1)   pawn_P2  | (6,2)   pawn_P2  | (6,3)   pawn_P2  | (6,4)   pawn_P2  | (6,5)   pawn_P2  | (6,6)   pawn_P2  | (6,7)   pawn_P2  |
|------------------|------------------|------------------|------------------|------------------|------------------|------------------|------------------|
| (5,0)            | (5,1)            | (5,2)            | (5,3)            | (5,4)   pawn_P1  | (5,5)            | (5,6)            | (5,7)            |
|------------------|------------------|------------------|------------------|------------------|------------------|------------------|------------------|
| (4,0)            | (4,1)            | (4,2)            | (4,3)            | (4,4)            | (4,5)            | (4,6)            | (4,7)            |
|------------------|------------------|------------------|------------------|------------------|------------------|------------------|------------------|
| (3,0)            | (3,1)            | (3,2)            | (3,3)            | (3,4)            | (3,5)            | (3,6)            | (3,7)            |
|------------------|------------------|------------------|------------------|------------------|------------------|------------------|------------------|
| (2,0)            | (2,1)            | (2,2)            | (2,3)            | (2,4)            | (2,5)            | (2,6)            | (2,7)            |
|------------------|------------------|------------------|------------------|------------------|------------------|------------------|------------------|
| (1,0)   pawn_P1  | (1,1)   pawn_P1  | (1,2)   pawn_P1  | (1,3)   pawn_P1  | (1,4)            | (1,5)   pawn_P1  | (1,6)   pawn_P1  | (1,7)   pawn_P1  |
|------------------|------------------|------------------|------------------|------------------|------------------|------------------|------------------|
| (0,0)   rook_P1  | (0,1) knight_P1  | (0,2) bishop_P1  | (0,3)  queen_P1  | (0,4)   king_P1  | (0,5) bishop_P1  | (0,6) knight_P1  | (0,7)   rook_P1  |
|------------------|------------------|------------------|------------------|------------------|------------------|------------------|------------------|

</system-out>
  </testcase>
</testsuite>